<?xml version="1.0" encoding="UTF-8"?>
<testng-results skipped="0" failed="0" ignored="0" total="2" passed="2">
  <reporter-output>
  </reporter-output>
  <suite name="Default suite" duration-ms="33051" started-at="2018-08-30T04:13:58Z" finished-at="2018-08-30T04:14:31Z">
    <groups>
    </groups>
    <test name="Default test" duration-ms="33051" started-at="2018-08-30T04:13:58Z" finished-at="2018-08-30T04:14:31Z">
      <class name="com.tests.LoginTest">
        <test-method status="PASS" signature="setUp()[pri:0, instance:com.tests.LoginTest@52a86356]" name="setUp" is-config="true" duration-ms="21764" started-at="2018-08-30T04:13:58Z" finished-at="2018-08-30T04:14:20Z">
          <reporter-output>
          </reporter-output>
        </test-method> <!-- setUp -->
        <test-method status="PASS" signature="freeCrmTitleTest()[pri:1, instance:com.tests.LoginTest@52a86356]" name="freeCrmTitleTest" duration-ms="162" started-at="2018-08-30T04:14:20Z" finished-at="2018-08-30T04:14:20Z">
          <reporter-output>
          </reporter-output>
        </test-method> <!-- freeCrmTitleTest -->
        <test-method status="PASS" signature="tearDown()[pri:0, instance:com.tests.LoginTest@52a86356]" name="tearDown" is-config="true" duration-ms="976" started-at="2018-08-30T04:14:20Z" finished-at="2018-08-30T04:14:21Z">
          <reporter-output>
          </reporter-output>
        </test-method> <!-- tearDown -->
        <test-method status="PASS" signature="setUp()[pri:0, instance:com.tests.LoginTest@52a86356]" name="setUp" is-config="true" duration-ms="8976" started-at="2018-08-30T04:14:21Z" finished-at="2018-08-30T04:14:30Z">
          <reporter-output>
          </reporter-output>
        </test-method> <!-- setUp -->
        <test-method status="PASS" signature="freeCrmImageTest()[pri:2, instance:com.tests.LoginTest@52a86356]" name="freeCrmImageTest" duration-ms="454" started-at="2018-08-30T04:14:30Z" finished-at="2018-08-30T04:14:30Z">
          <reporter-output>
          </reporter-output>
        </test-method> <!-- freeCrmImageTest -->
        <test-method status="PASS" signature="tearDown()[pri:0, instance:com.tests.LoginTest@52a86356]" name="tearDown" is-config="true" duration-ms="675" started-at="2018-08-30T04:14:30Z" finished-at="2018-08-30T04:14:31Z">
          <reporter-output>
          </reporter-output>
        </test-method> <!-- tearDown -->
      </class> <!-- com.tests.LoginTest -->
    </test> <!-- Default test -->
  </suite> <!-- Default suite -->
</testng-results>
